<?xml version="1.0" encoding="UTF-8"?>
<testng-results ignored="0" total="2" passed="2" failed="0" skipped="0">
  <reporter-output>
  </reporter-output>
  <suite started-at="2022-12-03T16:21:30 EST" name="Suite" finished-at="2022-12-03T16:22:22 EST" duration-ms="52636">
    <groups>
    </groups>
    <test started-at="2022-12-03T16:21:30 EST" name="Test" finished-at="2022-12-03T16:22:22 EST" duration-ms="52636">
      <class name="git.iphone">
        <test-method signature="f()[pri:0, instance:git.iphone@23c30a20]" started-at="2022-12-03T16:21:30 EST" name="f" finished-at="2022-12-03T16:22:04 EST" duration-ms="33833" status="PASS">
          <reporter-output>
          </reporter-output>
        </test-method> <!-- f -->
      </class> <!-- git.iphone -->
      <class name="git.alert">
        <test-method signature="f()[pri:0, instance:git.alert@2dc54ad4]" started-at="2022-12-03T16:22:04 EST" name="f" finished-at="2022-12-03T16:22:22 EST" duration-ms="18752" status="PASS">
          <reporter-output>
          </reporter-output>
        </test-method> <!-- f -->
      </class> <!-- git.alert -->
    </test> <!-- Test -->
  </suite> <!-- Suite -->
</testng-results>
